[19/05/2020 21:03:34][Miguel Angel][0]
[19/05/2020 21:27:28][Miguel Angel][INSERT INTO reuniones VALUES (null,'4','2019-10-5');]
[19/05/2020 21:46:10][admin][INSERT INTO reuniones VALUES (null,'2','2020-1-13');]
[19/05/2020 21:46:52][usuario][INSERT INTO reuniones VALUES (null,'13','2020-8-4');]
[22/05/2020 19:45:33][usuario][SELECT * FROM proveedores]
[22/05/2020 19:45:47][usuario][INSERT INTO articulos VALUES (null, 'wew', 12333333, 'wewe', 232,1);]
[22/05/2020 19:46:37][usuario][SELECT * FROM proveedores]
[22/05/2020 19:46:55][usuario][INSERT INTO articulos VALUES (null, 'ewew', 12, 'vari', 12.1,2);]
[22/05/2020 19:56:37][usuario][INSERT INTO proveedores VALUES (null,'wewew','954212131','vare');]
[22/05/2020 20:27:52][usuario][SELECT * FROM proveedores]
[22/05/2020 20:39:16][usuario][SELECT * FROM proveedores]
[22/05/2020 21:05:31][usuario][SELECT * FROM proveedores]
[22/05/2020 21:05:41][usuario][INSERT INTO articulos VALUES (null, 'wee', 2, 'wewe', 2.1,6);]
[22/05/2020 21:07:17][usuario][SELECT * FROM proveedores]
[22/05/2020 21:07:31][usuario][INSERT INTO articulos VALUES (null, 'wewewew', 22, 'ees', 2.1,6);]
[22/05/2020 21:07:55][usuario][INSERT INTO articulos VALUES (null, 'wwewewewewe', 333, 'wwww', 1.4,3);]
[22/05/2020 21:08:53][usuario][SELECT * FROM proveedores]
[22/05/2020 21:09:07][usuario][INSERT INTO articulos VALUES (null, 'wexxxxx', 32, 'qsc', 4.3,2);]
[22/05/2020 21:10:17][usuario][SELECT * FROM proveedores]
[22/05/2020 21:10:25][usuario][INSERT INTO articulos VALUES (null, 'ewew', 2, 'wdw', 2.1,1);]
[22/05/2020 21:17:28][usuario][SELECT * FROM proveedores]
[22/05/2020 21:17:37][usuario][INSERT INTO articulos VALUES (null, 'ewewew', 22, 'wewe', 3.1,4);]
[22/05/2020 21:38:22][usuario][SELECT * FROM proveedores]
[22/05/2020 21:38:37][usuario][INSERT INTO articulos VALUES (null, '2323', 2, 'wewewe', 2.4,4);]
[22/05/2020 21:38:56][usuario][INSERT INTO proveedores VALUES (null,'wewew','954282828','WEEWE');]
[22/05/2020 21:39:32][usuario][INSERT INTO proveedores VALUES (null,'CCCC','912454542','crss');]
[22/05/2020 21:40:27][usuario][INSERT INTO reuniones VALUES (null,'323','2019-02-12');]
[22/05/2020 21:41:29][usuario][DELETE FROM articulos WHERE idArticulo = 24]
[22/05/2020 21:41:38][usuario][DELETE FROM proveedores WHERE idProveedor = 10]
[22/05/2020 21:41:47][usuario][DELETE FROM reuniones WHERE idReunion = 13]
[23/05/2020 19:10:33][usuario][SELECT * FROM proveedores]
[23/05/2020 19:10:58][usuario][INSERT INTO articulos VALUES (null, 'nombrePrueba', 23, 'descripcion', 2.1,11);]
[23/05/2020 21:07:14][usuario][SELECT * FROM proveedores]
[27/05/2020 13:58:24][usuario][SELECT * FROM proveedores]
[27/05/2020 19:59:20][usuario][SELECT * FROM proveedores]
[29/05/2020 04:13:39][usuario][SELECT * FROM proveedores]
[29/05/2020 04:43:25][usuario][SELECT * FROM proveedores]
[29/05/2020 07:27:17][admin][SELECT * FROM proveedores]
[29/05/2020 18:52:11][admin][SELECT * FROM proveedores]
